C:\Users\Santi\source\repos\MTGSystem\MTGSystem\Controllers\HomeController.cs
Index 64
Index -1
About 5
About -1
Contact 3
Contact -1
Privacy 3
Privacy -1
Error 6
Error -1

C:\Users\Santi\source\repos\MTGSystem\MTGSystem\Data\MTGSystemContexto.cs

C:\Users\Santi\source\repos\MTGSystem\MTGSystem\Dto\MTGCardDTO.cs

C:\Users\Santi\source\repos\MTGSystem\MTGSystem\Dto\MTGSetDTO.cs

C:\Users\Santi\source\repos\MTGSystem\MTGSystem\Migrations\20200909234905_primeiraMigration.cs
Up 4
Up -1
Down 7
Down -1

C:\Users\Santi\source\repos\MTGSystem\MTGSystem\Migrations\20200909234905_primeiraMigration.Designer.cs
BuildTargetModel 3
BuildTargetModel -1

C:\Users\Santi\source\repos\MTGSystem\MTGSystem\Migrations\20200910113003_UpdateToMTGSet.cs
Up 3
Up -1
Down 3
Down -1

C:\Users\Santi\source\repos\MTGSystem\MTGSystem\Migrations\20200910113003_UpdateToMTGSet.Designer.cs
BuildTargetModel 3
BuildTargetModel -1

C:\Users\Santi\source\repos\MTGSystem\MTGSystem\Migrations\20200910142338_AddingMTGCardAndSet.cs
Up 3
Up -1
Down 7
Down -1

C:\Users\Santi\source\repos\MTGSystem\MTGSystem\Migrations\20200910142338_AddingMTGCardAndSet.Designer.cs
BuildTargetModel 4
BuildTargetModel -1

C:\Users\Santi\source\repos\MTGSystem\MTGSystem\Migrations\20200912224907_UsingApiMtg.cs
Up 16
Up -1
Down 16
Down -1

C:\Users\Santi\source\repos\MTGSystem\MTGSystem\Migrations\20200912224907_UsingApiMtg.Designer.cs
BuildTargetModel 3
BuildTargetModel -1

C:\Users\Santi\source\repos\MTGSystem\MTGSystem\Migrations\20200915011329_IdSet.cs
Up 3
Up -1
Down 3
Down -1

C:\Users\Santi\source\repos\MTGSystem\MTGSystem\Migrations\20200915011329_IdSet.Designer.cs
BuildTargetModel 3
BuildTargetModel -1

C:\Users\Santi\source\repos\MTGSystem\MTGSystem\Migrations\20200915012009_Create_datetime_field.cs
Up 4
Up -1
Down 3
Down -1

C:\Users\Santi\source\repos\MTGSystem\MTGSystem\Migrations\20200915012009_Create_datetime_field.Designer.cs
BuildTargetModel 4
BuildTargetModel -1

C:\Users\Santi\source\repos\MTGSystem\MTGSystem\Migrations\MTGSystemContextoModelSnapshot.cs
BuildModel 4
BuildModel -1

C:\Users\Santi\source\repos\MTGSystem\MTGSystem\Models\Enums\TypeRarity.cs

C:\Users\Santi\source\repos\MTGSystem\MTGSystem\Models\MTGCard.cs

C:\Users\Santi\source\repos\MTGSystem\MTGSystem\Models\MTGSet.cs

C:\Users\Santi\source\repos\MTGSystem\MTGSystem\Models\ViewModels\ErrorViewModel.cs

C:\Users\Santi\source\repos\MTGSystem\MTGSystem\Program.cs
Main 6
Main -1
CreateWebHostBuilder 3
CreateWebHostBuilder -1

C:\Users\Santi\source\repos\MTGSystem\MTGSystem\Repositories\MTGSetRepository.cs
BuscarSet 2
BuscarSet -1

C:\Users\Santi\source\repos\MTGSystem\MTGSystem\Services\ApiConsume.cs
Get 3
Get -1

C:\Users\Santi\source\repos\MTGSystem\MTGSystem\Services\SeedingService.cs
Seed 3
Seed -1

C:\Users\Santi\source\repos\MTGSystem\MTGSystem\Startup.cs
ConfigureServices 4
ConfigureServices -1
Configure 3
Configure -1

C:\Users\Santi\source\repos\MTGSystem\MTGSystem\obj\Debug\netcoreapp2.1\.NETCoreApp,Version=v2.1.AssemblyAttributes.cs

C:\Users\Santi\source\repos\MTGSystem\MTGSystem\obj\Debug\netcoreapp2.1\MTGSystem.AssemblyInfo.cs

C:\Users\Santi\source\repos\MTGSystem\MTGSystem\obj\Debug\netcoreapp2.1\MTGSystem.RazorAssemblyInfo.cs

C:\Users\Santi\source\repos\MTGSystem\MTGSystem\obj\Debug\netcoreapp2.1\Razor\Views\Home\About.cshtml.g.cs
ExecuteAsync 2
ExecuteAsync -1

C:\Users\Santi\source\repos\MTGSystem\MTGSystem\obj\Debug\netcoreapp2.1\Razor\Views\Home\Contact.cshtml.g.cs
ExecuteAsync 2
ExecuteAsync -1

C:\Users\Santi\source\repos\MTGSystem\MTGSystem\obj\Debug\netcoreapp2.1\Razor\Views\Home\Index.cshtml.g.cs
ExecuteAsync 2
ExecuteAsync -1

C:\Users\Santi\source\repos\MTGSystem\MTGSystem\obj\Debug\netcoreapp2.1\Razor\Views\Home\Privacy.cshtml.g.cs
ExecuteAsync 2
ExecuteAsync -1

C:\Users\Santi\source\repos\MTGSystem\MTGSystem\obj\Debug\netcoreapp2.1\Razor\Views\Shared\Error.cshtml.g.cs
ExecuteAsync 2
ExecuteAsync -1

C:\Users\Santi\source\repos\MTGSystem\MTGSystem\obj\Debug\netcoreapp2.1\Razor\Views\Shared\_CookieConsentPartial.cshtml.g.cs
ExecuteAsync 2
ExecuteAsync -1

C:\Users\Santi\source\repos\MTGSystem\MTGSystem\obj\Debug\netcoreapp2.1\Razor\Views\Shared\_Layout.cshtml.g.cs
ExecuteAsync 2
ExecuteAsync -1

C:\Users\Santi\source\repos\MTGSystem\MTGSystem\obj\Debug\netcoreapp2.1\Razor\Views\Shared\_ValidationScriptsPartial.cshtml.g.cs
ExecuteAsync 2
ExecuteAsync -1

C:\Users\Santi\source\repos\MTGSystem\MTGSystem\obj\Debug\netcoreapp2.1\Razor\Views\_ViewImports.cshtml.g.cs
ExecuteAsync 9
ExecuteAsync -1

C:\Users\Santi\source\repos\MTGSystem\MTGSystem\obj\Debug\netcoreapp2.1\Razor\Views\_ViewStart.cshtml.g.cs
ExecuteAsync 3
ExecuteAsync -1

C:\Users\Santi\source\repos\MTGSystem\MTGSystem\obj\Debug\netcoreapp2.1\MTGSystem.RazorTargetAssemblyInfo.cs

